<?xml version="1.0" encoding="UTF-8"?>
<testsuite name="TicTacToeTest" tests="1" skipped="0" failures="0" errors="0" timestamp="2019-12-04T16:44:21" hostname="ONE-WIN" time="0.032">
  <properties/>
  <testcase name="start" classname="TicTacToeTest" time="0.032"/>
  <system-out><![CDATA[?[1;31m
Start test 1?[0m
X O X 
O X O 
X O X ]]></system-out>
  <system-err><![CDATA[]]></system-err>
</testsuite>
